<?xml version="1.0" encoding="UTF-8"?>
<!-- Generated by org.testng.reporters.JUnitXMLReporter -->
<testsuite hostname="W00185VDI" ignored="0" name="Test" tests="3" failures="1" timestamp="05 Dec 2019 05:19:46 GMT" time="11.921" errors="0">
  <testcase name="logoPresence" time="0.137" classname="allureReports.Tests"/>
  <testcase name="login" time="4.236" classname="allureReports.Tests">
    <failure type="java.lang.AssertionError" message="expected [nopCommerce demo store123] but found [nopCommerce demo store. Login]">
      <![CDATA[java.lang.AssertionError: expected [nopCommerce demo store123] but found [nopCommerce demo store. Login]
at allureReports.Tests.login(Tests.java:62)
... Removed 31 stack frames]]>
    </failure>
  </testcase> <!-- login -->
  <testcase name="registration" time="0.005" classname="allureReports.Tests">
    <skipped/>
  </testcase> <!-- registration -->
</testsuite> <!-- Test -->
